Sender: LSF System <lsfadmin@a6354>
Subject: Job 26621219: <FI_sto100k> Exited

Job <FI_sto100k> was submitted from host <brutus1> by user <bhepp> in cluster <brutus>.
Job was executed on host(s) <5*a6354>, in queue <pub.7d>, as user <bhepp> in cluster <brutus>.
</cluster/home02/misc/bhepp> was used as the home directory.
</cluster/home02/misc/bhepp/git/HybridStochasticSimulation/jobs> was used as the working directory.
Started at Mon Jul 22 15:56:50 2013
Results reported at Mon Jul 22 15:57:06 2013

Your job looked like:

------------------------------------------------------------
# LSBATCH: User input
bash runjob.sh configs/FastIsomerization_stoch_100000.xml
------------------------------------------------------------

Exited with exit code 127.

Resource usage summary:

    CPU time   :      0.04 sec.
    Max Memory :         2 MB
    Max Swap   :        34 MB

    Max Processes  :         1
    Max Threads    :         1

The output (if any) follows:



PS:

Read file <logs/FastIsomerization_stoch_100000.err> for stderr output of this job.

