Sender: LSF System <lsfadmin@a9071>
Subject: Job 26632495: <HA_stoch_10k> Done

Job <HA_stoch_10k> was submitted from host <brutus3> by user <bhepp> in cluster <brutus>.
Job was executed on host(s) <16*a9071>, in queue <pub.7d>, as user <bhepp> in cluster <brutus>.
</cluster/home02/misc/bhepp> was used as the home directory.
</cluster/home02/misc/bhepp/git/HybridStochasticSimulation/jobs> was used as the working directory.
Started at Mon Jul 22 21:53:52 2013
Results reported at Mon Jul 22 22:44:08 2013

Your job looked like:

------------------------------------------------------------
# LSBATCH: User input
bash runjob.sh configs/Haploinsufficiency_stoch_10000.xml
------------------------------------------------------------

Successfully completed.

Resource usage summary:

    CPU time   :  44389.54 sec.
    Max Memory :      5359 MB
    Max Swap   :     18368 MB

    Max Processes  :         4
    Max Threads    :        31

The output (if any) follows:

Running simulation "Haploinsufficiency stochastic" [DISTRIBUTION] (10000 runs)
  Runtime: 3009475ms


PS:

Read file <logs/Haploinsufficiency_stoch_10000.err> for stderr output of this job.

